<?xml version="1.0" encoding="UTF-8" ?>
<testsuite tests="39" failures="0" name="com.iksgmbh.sql.pojomemodb.SqlPojoMemoDBTest" time="0.016" errors="0" skipped="0">
  <properties>
[...]
</properties>
  <testcase classname="com.iksgmbh.sql.pojomemodb.SqlPojoMemoDBTest" name="selectsDateValuesAndConvertsThemAsString" time="0"/>
  <testcase classname="com.iksgmbh.sql.pojomemodb.SqlPojoMemoDBTest" name="throwsExceptionForUnkownColumnInUpdateStatement" time="0"/>
  <testcase classname="com.iksgmbh.sql.pojomemodb.SqlPojoMemoDBTest" name="createsNewTable" time="0"/>
  <testcase classname="com.iksgmbh.sql.pojomemodb.SqlPojoMemoDBTest" name="createsSequence" time="0"/>
  <testcase classname="com.iksgmbh.sql.pojomemodb.SqlPojoMemoDBTest" name="throwsExceptionForTableNameDouble" time="0"/>
  <testcase classname="com.iksgmbh.sql.pojomemodb.SqlPojoMemoDBTest" name="throwsExceptionWithMessageOnAllInvalidValues" time="0"/>
  <testcase classname="com.iksgmbh.sql.pojomemodb.SqlPojoMemoDBTest" name="throwsExceptionForNotAllowedNullValue" time="0"/>
  <testcase classname="com.iksgmbh.sql.pojomemodb.SqlPojoMemoDBTest" name="selectsSubsetOfColumnsAndRowsInTable" time="0"/>
  <testcase classname="com.iksgmbh.sql.pojomemodb.SqlPojoMemoDBTest" name="throwsExceptionForUnkownColumnInWhereClause" time="0"/>
  <testcase classname="com.iksgmbh.sql.pojomemodb.SqlPojoMemoDBTest" name="selectsDataRowForUnequalDateAndID" time="0"/>
  <testcase classname="com.iksgmbh.sql.pojomemodb.SqlPojoMemoDBTest" name="returnsConnection" time="0"/>
  <testcase classname="com.iksgmbh.sql.pojomemodb.SqlPojoMemoDBTest" name="deletesAllTableContent" time="0"/>
  <testcase classname="com.iksgmbh.sql.pojomemodb.SqlPojoMemoDBTest" name="createsNewVerySimpleTable" time="0"/>
  <testcase classname="com.iksgmbh.sql.pojomemodb.SqlPojoMemoDBTest" name="createsThreeDifferentTables" time="0"/>
  <testcase classname="com.iksgmbh.sql.pojomemodb.SqlPojoMemoDBTest" name="createsComplexTable" time="0"/>
  <testcase classname="com.iksgmbh.sql.pojomemodb.SqlPojoMemoDBTest" name="dropsAndRecreatesTable" time="0"/>
  <testcase classname="com.iksgmbh.sql.pojomemodb.SqlPojoMemoDBTest" name="insertsDataRowIntoTable" time="0"/>
  <testcase classname="com.iksgmbh.sql.pojomemodb.SqlPojoMemoDBTest" name="insertsNullIntoDataRow" time="0"/>
  <testcase classname="com.iksgmbh.sql.pojomemodb.SqlPojoMemoDBTest" name="insertsTextWithSpaces" time="0"/>
  <testcase classname="com.iksgmbh.sql.pojomemodb.SqlPojoMemoDBTest" name="insertsManyDataIntoComplexTable" time="0"/>
  <testcase classname="com.iksgmbh.sql.pojomemodb.SqlPojoMemoDBTest" name="selectsAllColumnsAndRowsInTable" time="0"/>
  <testcase classname="com.iksgmbh.sql.pojomemodb.SqlPojoMemoDBTest" name="selectsSubsetOfColumnsInTable" time="0"/>
  <testcase classname="com.iksgmbh.sql.pojomemodb.SqlPojoMemoDBTest" name="selectsSubsetOfRowsInTable" time="0"/>
  <testcase classname="com.iksgmbh.sql.pojomemodb.SqlPojoMemoDBTest" name="selectsDataRowForEqualDateAndID" time="0"/>
  <testcase classname="com.iksgmbh.sql.pojomemodb.SqlPojoMemoDBTest" name="selectsDataUsingTableAlias" time="0"/>
  <testcase classname="com.iksgmbh.sql.pojomemodb.SqlPojoMemoDBTest" name="updatesEveryRowInTable" time="0"/>
  <testcase classname="com.iksgmbh.sql.pojomemodb.SqlPojoMemoDBTest" name="updatesSingleRowInTable" time="0"/>
  <testcase classname="com.iksgmbh.sql.pojomemodb.SqlPojoMemoDBTest" name="deletesOnlyRowsWithNullID" time="0"/>
  <testcase classname="com.iksgmbh.sql.pojomemodb.SqlPojoMemoDBTest" name="deletesOnlyRowsWithIDNotNull" time="0"/>
  <testcase classname="com.iksgmbh.sql.pojomemodb.SqlPojoMemoDBTest" name="throwsExectionForUnkownSequence" time="0"/>
  <testcase classname="com.iksgmbh.sql.pojomemodb.SqlPojoMemoDBTest" name="returnsNextValUsingOracleDual" time="0"/>
  <testcase classname="com.iksgmbh.sql.pojomemodb.SqlPojoMemoDBTest" name="throwsExceptionForUnkownColumnTypeIncreateTableStatement" time="0"/>
  <testcase classname="com.iksgmbh.sql.pojomemodb.SqlPojoMemoDBTest" name="joins_Two_TablesUsingNonAnsiSyntax_twoJoinConditions" time="0"/>
  <testcase classname="com.iksgmbh.sql.pojomemodb.SqlPojoMemoDBTest" name="joins_TwoTables_UsingNonAnsiSyntaxWithTwoResultingDataRows" time="0"/>
  <testcase classname="com.iksgmbh.sql.pojomemodb.SqlPojoMemoDBTest" name="joins_TwoTables_UsingAnsiSyntax_andAdditionalWhereStatements" time="0"/>
  <testcase classname="com.iksgmbh.sql.pojomemodb.SqlPojoMemoDBTest" name="usesSequence" time="0"/>
  <testcase classname="com.iksgmbh.sql.pojomemodb.SqlPojoMemoDBTest" name="joins_Two_TablesUsingNonAnsiSyntax" time="0"/>
  <testcase classname="com.iksgmbh.sql.pojomemodb.SqlPojoMemoDBTest" name="joins_Three_TablesUsingNonAnsiSyntax" time="0.016"/>
  <testcase classname="com.iksgmbh.sql.pojomemodb.SqlPojoMemoDBTest" name="understandsLowerAndUpperCaseInStatements" time="0"/>
</testsuite>